 Container 5g-network-optimization-grafana-1  Stopping
 Container 5g-network-optimization-grafana-1  Stopped
 Container 5g-network-optimization-grafana-1  Removing
 Container 5g-network-optimization-grafana-1  Removed
 Container 5g-network-optimization-prometheus-1  Stopping
 Container 5g-network-optimization-prometheus-1  Stopped
 Container 5g-network-optimization-prometheus-1  Removing
 Container 5g-network-optimization-prometheus-1  Removed
 Container 5g-network-optimization-nef-emulator-1  Stopping
 Container 5g-network-optimization-nef-emulator-1  Stopped
 Container 5g-network-optimization-nef-emulator-1  Removing
 Container 5g-network-optimization-nef-emulator-1  Removed
 Container 5g-network-optimization-db-1  Stopping
 Container 5g-network-optimization-mongo_nef-1  Stopping
 Container 5g-network-optimization-mongo_nef-1  Stopped
 Container 5g-network-optimization-mongo_nef-1  Removing
 Container 5g-network-optimization-mongo_nef-1  Removed
 Container 5g-network-optimization-db-1  Stopped
 Container 5g-network-optimization-db-1  Removing
 Container 5g-network-optimization-db-1  Removed
 Volume 5g-network-optimization_db-data  Removing
 Volume 5g-network-optimization_mongo-data  Removing
 Network 5g-network-optimization_5g-network  Removing
 Volume 5g-network-optimization_db-data  Removed
 Volume 5g-network-optimization_mongo-data  Removed
 Network 5g-network-optimization_5g-network  Removed
